<?xml version="1.0" encoding="UTF-8"?>
<!-- Generated by org.testng.reporters.JUnitXMLReporter -->
<testsuite hostname="LAPTOP-96CA17I7" failures="0" tests="1" name="Test" time="0.058" errors="0" timestamp="10 May 2021 12:39:39 GMT">
  <testcase classname="com.toolsqa.WebTable.Validation.VerifyWebTable" name="@BeforeMethod setup" time="0.0">
    <failure type="java.lang.NullPointerException">
      <![CDATA[java.lang.NullPointerException
	at com.QaTools.Base.BrowserFactory.createDriver(BrowserFactory.java:25)
	at com.QaTools.Base.BaseTest.setup(BaseTest.java:30)
... Removed 26 stack frames]]>
    </failure>
  </testcase> <!-- @BeforeMethod setup -->
  <testcase classname="com.toolsqa.WebTable.Validation.VerifyWebTable" name="@AfterMethod teardown" time="0.0">
    <failure type="java.lang.NullPointerException">
      <![CDATA[java.lang.NullPointerException
	at com.QaTools.Base.BaseTest.teardown(BaseTest.java:48)
... Removed 26 stack frames]]>
    </failure>
  </testcase> <!-- @AfterMethod teardown -->
  <testcase classname="com.toolsqa.WebTable.Validation.VerifyWebTable" name="webtable" time="0.002">
    <skipped/>
  </testcase> <!-- webtable -->
</testsuite> <!-- Test -->
