<?xml version="1.0" encoding="UTF-8"?>
<!-- Generated by org.testng.reporters.JUnitXMLReporter -->
<testsuite ignored="0" hostname="LAPTOP-96CA17I7" failures="1" tests="1" name="VerifyWebtableElement Test" time="128.424" errors="0" timestamp="13 May 2021 14:54:44 GMT">
  <testcase classname="com.toolsqa.WebTable.Validation.VerifyWebTable" name="webtable" time="89.866">
    <failure type="org.openqa.selenium.ElementClickInterceptedException" message="element click intercepted: Element &amp;lt;svg stroke=&amp;quot;currentColor&amp;quot; fill=&amp;quot;currentColor&amp;quot; stroke-width=&amp;quot;0&amp;quot; viewBox=&amp;quot;0 0 1024 1024&amp;quot; height=&amp;quot;1em&amp;quot; width=&amp;quot;1em&amp;quot; xmlns=&amp;quot;http://www.w3.org/2000/svg&amp;quot;&amp;gt;...&amp;lt;/svg&amp;gt; is not clickable at point (72, 399). Other element would receive the click: &amp;lt;li class=&amp;quot;btn btn-light &amp;quot; id=&amp;quot;item-0&amp;quot;&amp;gt;...&amp;lt;/li&amp;gt;
  (Session info: chrome=90.0.4430.93)
Build info: version: &amp;apos;3.14.0&amp;apos;, revision: &amp;apos;aacccce0&amp;apos;, time: &amp;apos;2018-08-02T20:19:58.91Z&amp;apos;
System info: host: &amp;apos;LAPTOP-96CA17I7&amp;apos;, ip: &amp;apos;192.168.225.115&amp;apos;, os.name: &amp;apos;Windows 10&amp;apos;, os.arch: &amp;apos;amd64&amp;apos;, os.version: &amp;apos;10.0&amp;apos;, java.version: &amp;apos;12.0.1&amp;apos;
Driver info: org.openqa.selenium.chrome.ChromeDriver
Capabilities {acceptInsecureCerts: false, browserName: chrome, browserVersion: 90.0.4430.93, chrome: {chromedriverVersion: 89.0.4389.23 (61b08ee2c5002..., userDataDir: C:\Users\Admin\AppData\Loca...}, goog:chromeOptions: {debuggerAddress: localhost:51054}, javascriptEnabled: true, networkConnectionEnabled: false, pageLoadStrategy: normal, platform: WINDOWS, platformName: WINDOWS, proxy: Proxy(), setWindowRect: true, strictFileInteractability: false, timeouts: {implicit: 0, pageLoad: 300000, script: 30000}, unhandledPromptBehavior: dismiss and notify, webauthn:extension:largeBlob: true, webauthn:virtualAuthenticators: true}
Session ID: a720b6a73c6c4dc1daada19bebad27f8">
      <![CDATA[org.openqa.selenium.ElementClickInterceptedException: element click intercepted: Element <svg stroke="currentColor" fill="currentColor" stroke-width="0" viewBox="0 0 1024 1024" height="1em" width="1em" xmlns="http://www.w3.org/2000/svg">...</svg> is not clickable at point (72, 399). Other element would receive the click: <li class="btn btn-light " id="item-0">...</li>
  (Session info: chrome=90.0.4430.93)
Build info: version: '3.14.0', revision: 'aacccce0', time: '2018-08-02T20:19:58.91Z'
System info: host: 'LAPTOP-96CA17I7', ip: '192.168.225.115', os.name: 'Windows 10', os.arch: 'amd64', os.version: '10.0', java.version: '12.0.1'
Driver info: org.openqa.selenium.chrome.ChromeDriver
Capabilities {acceptInsecureCerts: false, browserName: chrome, browserVersion: 90.0.4430.93, chrome: {chromedriverVersion: 89.0.4389.23 (61b08ee2c5002..., userDataDir: C:\Users\Admin\AppData\Loca...}, goog:chromeOptions: {debuggerAddress: localhost:51054}, javascriptEnabled: true, networkConnectionEnabled: false, pageLoadStrategy: normal, platform: WINDOWS, platformName: WINDOWS, proxy: Proxy(), setWindowRect: true, strictFileInteractability: false, timeouts: {implicit: 0, pageLoad: 300000, script: 30000}, unhandledPromptBehavior: dismiss and notify, webauthn:extension:largeBlob: true, webauthn:virtualAuthenticators: true}
Session ID: a720b6a73c6c4dc1daada19bebad27f8
at org.openqa.selenium.remote.http.W3CHttpResponseCodec.createException(W3CHttpResponseCodec.java:187)
at org.openqa.selenium.remote.http.W3CHttpResponseCodec.decode(W3CHttpResponseCodec.java:122)
at org.openqa.selenium.remote.http.W3CHttpResponseCodec.decode(W3CHttpResponseCodec.java:49)
at org.openqa.selenium.remote.HttpCommandExecutor.execute(HttpCommandExecutor.java:158)
at org.openqa.selenium.remote.service.DriverCommandExecutor.execute(DriverCommandExecutor.java:83)
at org.openqa.selenium.remote.RemoteWebDriver.execute(RemoteWebDriver.java:548)
at org.openqa.selenium.remote.RemoteWebElement.execute(RemoteWebElement.java:276)
at org.openqa.selenium.remote.RemoteWebElement.click(RemoteWebElement.java:83)
at com.QaTools.pages.BasePageObject.click(BasePageObject.java:45)
at com.QaTools.pages.ElementsPage.ClickToOpenWebTables(ElementsPage.java:20)
at com.toolsqa.WebTable.Validation.VerifyWebTable.webtable(VerifyWebTable.java:29)
... Removed 30 stack frames]]>
    </failure>
  </testcase> <!-- webtable -->
</testsuite> <!-- VerifyWebtableElement Test -->
